<?xml version="1.0" encoding="UTF-8"?>
<!-- Generated by org.testng.reporters.JUnitXMLReporter -->
<testsuite hostname="LAPTOP-RVDMUTME" ignored="19" name="RestAPITest(failed)" tests="15" failures="15" timestamp="10 Feb 2020 19:40:27 GMT" time="26.424" errors="0">
  <testcase name="checkserverType" time="0.013" classname="com.qa.EmployeeAPI.TestCase.TC003_Post_Employee_Record">
    <failure type="java.lang.AssertionError" message="expected:&amp;lt;nginx/1.16.0&amp;gt; but was:&amp;lt;nginx/1.14.1&amp;gt;">
      <![CDATA[java.lang.AssertionError: expected:<nginx/1.16.0> but was:<nginx/1.14.1>
at com.qa.EmployeeAPI.TestCase.TC003_Post_Employee_Record.checkserverType(TC003_Post_Employee_Record.java:87)
... Removed 27 stack frames]]>
    </failure>
  </testcase> <!-- checkserverType -->
  <testcase name="checkContentType" time="0.002" classname="com.qa.EmployeeAPI.TestCase.TC003_Post_Employee_Record">
    <failure type="java.lang.AssertionError" message="expected:&amp;lt;application/json;charset=utf-8&amp;gt; but was:&amp;lt;text/html; charset=UTF-8&amp;gt;">
      <![CDATA[java.lang.AssertionError: expected:<application/json;charset=utf-8> but was:<text/html; charset=UTF-8>
at com.qa.EmployeeAPI.TestCase.TC003_Post_Employee_Record.checkContentType(TC003_Post_Employee_Record.java:81)
... Removed 27 stack frames]]>
    </failure>
  </testcase> <!-- checkContentType -->
  <testcase name="checkcontentEncoding" time="0.003" classname="com.qa.EmployeeAPI.TestCase.TC003_Post_Employee_Record">
    <failure type="java.lang.AssertionError" message="expected:&amp;lt;null&amp;gt; but was:&amp;lt;gzip&amp;gt;">
      <![CDATA[java.lang.AssertionError: expected:<null> but was:<gzip>
at com.qa.EmployeeAPI.TestCase.TC003_Post_Employee_Record.checkcontentEncoding(TC003_Post_Employee_Record.java:93)
... Removed 27 stack frames]]>
    </failure>
  </testcase> <!-- checkcontentEncoding -->
  <testcase name="checkContentType" time="0.003" classname="com.qa.EmployeeAPI.TestCase.TC004_Put_Employee_Record">
    <failure type="java.lang.AssertionError" message="expected:&amp;lt;application/json;charset=utf-8&amp;gt; but was:&amp;lt;text/html; charset=UTF-8&amp;gt;">
      <![CDATA[java.lang.AssertionError: expected:<application/json;charset=utf-8> but was:<text/html; charset=UTF-8>
at com.qa.EmployeeAPI.TestCase.TC004_Put_Employee_Record.checkContentType(TC004_Put_Employee_Record.java:89)
... Removed 27 stack frames]]>
    </failure>
  </testcase> <!-- checkContentType -->
  <testcase name="checkcontentEncoding" time="0.002" classname="com.qa.EmployeeAPI.TestCase.TC004_Put_Employee_Record">
    <failure type="java.lang.AssertionError" message="expected:&amp;lt;null&amp;gt; but was:&amp;lt;gzip&amp;gt;">
      <![CDATA[java.lang.AssertionError: expected:<null> but was:<gzip>
at com.qa.EmployeeAPI.TestCase.TC004_Put_Employee_Record.checkcontentEncoding(TC004_Put_Employee_Record.java:103)
... Removed 27 stack frames]]>
    </failure>
  </testcase> <!-- checkcontentEncoding -->
  <testcase name="checkResposeBody" time="0.027" classname="com.qa.EmployeeAPI.TestCase.TC004_Put_Employee_Record">
    <failure type="java.lang.AssertionError" message="expected:&amp;lt;false&amp;gt; but was:&amp;lt;true&amp;gt;">
      <![CDATA[java.lang.AssertionError: expected:<false> but was:<true>
at com.qa.EmployeeAPI.TestCase.TC004_Put_Employee_Record.checkResposeBody(TC004_Put_Employee_Record.java:65)
... Removed 30 stack frames]]>
    </failure>
  </testcase> <!-- checkResposeBody -->
  <testcase name="checkserverType" time="0.002" classname="com.qa.EmployeeAPI.TestCase.TC004_Put_Employee_Record">
    <failure type="java.lang.AssertionError" message="expected:&amp;lt;nginx/1.16.0&amp;gt; but was:&amp;lt;nginx/1.14.1&amp;gt;">
      <![CDATA[java.lang.AssertionError: expected:<nginx/1.16.0> but was:<nginx/1.14.1>
at com.qa.EmployeeAPI.TestCase.TC004_Put_Employee_Record.checkserverType(TC004_Put_Employee_Record.java:96)
... Removed 27 stack frames]]>
    </failure>
  </testcase> <!-- checkserverType -->
  <testcase name="checkContentType" time="0.003" classname="com.qa.EmployeeAPI.TestCase.TC001_Get_All_Employees">
    <failure type="java.lang.AssertionError" message="expected:&amp;lt;application/json;charset=utf-8&amp;gt; but was:&amp;lt;text/html; charset=UTF-8&amp;gt;">
      <![CDATA[java.lang.AssertionError: expected:<application/json;charset=utf-8> but was:<text/html; charset=UTF-8>
at com.qa.EmployeeAPI.TestCase.TC001_Get_All_Employees.checkContentType(TC001_Get_All_Employees.java:80)
... Removed 27 stack frames]]>
    </failure>
  </testcase> <!-- checkContentType -->
  <testcase name="checkserverType" time="0.005" classname="com.qa.EmployeeAPI.TestCase.TC001_Get_All_Employees">
    <failure type="java.lang.AssertionError" message="expected:&amp;lt;nginx/1.16.0&amp;gt; but was:&amp;lt;nginx/1.14.1&amp;gt;">
      <![CDATA[java.lang.AssertionError: expected:<nginx/1.16.0> but was:<nginx/1.14.1>
at com.qa.EmployeeAPI.TestCase.TC001_Get_All_Employees.checkserverType(TC001_Get_All_Employees.java:89)
... Removed 27 stack frames]]>
    </failure>
  </testcase> <!-- checkserverType -->
  <testcase name="checkResposeBody" time="0.003" classname="com.qa.EmployeeAPI.TestCase.TC002_Get_Single_Employee_Record">
    <failure type="java.lang.NullPointerException">
      <![CDATA[java.lang.NullPointerException
at java.lang.String.contains(String.java:2133)
at com.qa.EmployeeAPI.TestCase.TC002_Get_Single_Employee_Record.checkResposeBody(TC002_Get_Single_Employee_Record.java:36)
... Removed 25 stack frames]]>
    </failure>
  </testcase> <!-- checkResposeBody -->
  <testcase name="checkserverType" time="0.002" classname="com.qa.EmployeeAPI.TestCase.TC002_Get_Single_Employee_Record">
    <failure type="java.lang.AssertionError" message="expected:&amp;lt;nginx/1.16.0&amp;gt; but was:&amp;lt;nginx/1.14.1&amp;gt;">
      <![CDATA[java.lang.AssertionError: expected:<nginx/1.16.0> but was:<nginx/1.14.1>
at com.qa.EmployeeAPI.TestCase.TC002_Get_Single_Employee_Record.checkserverType(TC002_Get_Single_Employee_Record.java:68)
... Removed 27 stack frames]]>
    </failure>
  </testcase> <!-- checkserverType -->
  <testcase name="checkResposeBody" time="0.002" classname="com.qa.EmployeeAPI.TestCase.TC005_Delete_Employee_Record">
    <failure type="java.lang.AssertionError" message="expected:&amp;lt;false&amp;gt; but was:&amp;lt;true&amp;gt;">
      <![CDATA[java.lang.AssertionError: expected:<false> but was:<true>
at com.qa.EmployeeAPI.TestCase.TC005_Delete_Employee_Record.checkResposeBody(TC005_Delete_Employee_Record.java:51)
... Removed 30 stack frames]]>
    </failure>
  </testcase> <!-- checkResposeBody -->
  <testcase name="checkContentType" time="0.002" classname="com.qa.EmployeeAPI.TestCase.TC005_Delete_Employee_Record">
    <failure type="java.lang.AssertionError" message="expected:&amp;lt;application/json;charset=utf-8&amp;gt; but was:&amp;lt;text/html; charset=UTF-8&amp;gt;">
      <![CDATA[java.lang.AssertionError: expected:<application/json;charset=utf-8> but was:<text/html; charset=UTF-8>
at com.qa.EmployeeAPI.TestCase.TC005_Delete_Employee_Record.checkContentType(TC005_Delete_Employee_Record.java:71)
... Removed 27 stack frames]]>
    </failure>
  </testcase> <!-- checkContentType -->
  <testcase name="checkcontentEncoding" time="0.002" classname="com.qa.EmployeeAPI.TestCase.TC005_Delete_Employee_Record">
    <failure type="java.lang.AssertionError" message="expected:&amp;lt;null&amp;gt; but was:&amp;lt;gzip&amp;gt;">
      <![CDATA[java.lang.AssertionError: expected:<null> but was:<gzip>
at com.qa.EmployeeAPI.TestCase.TC005_Delete_Employee_Record.checkcontentEncoding(TC005_Delete_Employee_Record.java:83)
... Removed 27 stack frames]]>
    </failure>
  </testcase> <!-- checkcontentEncoding -->
  <testcase name="checkserverType" time="0.002" classname="com.qa.EmployeeAPI.TestCase.TC005_Delete_Employee_Record">
    <failure type="java.lang.AssertionError" message="expected:&amp;lt;nginx/1.16.0&amp;gt; but was:&amp;lt;nginx/1.14.1&amp;gt;">
      <![CDATA[java.lang.AssertionError: expected:<nginx/1.16.0> but was:<nginx/1.14.1>
at com.qa.EmployeeAPI.TestCase.TC005_Delete_Employee_Record.checkserverType(TC005_Delete_Employee_Record.java:77)
... Removed 27 stack frames]]>
    </failure>
  </testcase> <!-- checkserverType -->
  <testcase name="checkResponseTime" time="0.0" classname="com.qa.EmployeeAPI.TestCase.TC001_Get_All_Employees">
    <ignored/>
  </testcase> <!-- checkResponseTime -->
  <testcase name="checkContentType" time="0.0" classname="com.qa.EmployeeAPI.TestCase.TC002_Get_Single_Employee_Record">
    <ignored/>
  </testcase> <!-- checkContentType -->
  <testcase name="checkstatusLine" time="0.0" classname="com.qa.EmployeeAPI.TestCase.TC003_Post_Employee_Record">
    <ignored/>
  </testcase> <!-- checkstatusLine -->
  <testcase name="checkResposeBody" time="0.0" classname="com.qa.EmployeeAPI.TestCase.TC003_Post_Employee_Record">
    <ignored/>
  </testcase> <!-- checkResposeBody -->
  <testcase name="checkStatusCode" time="0.0" classname="com.qa.EmployeeAPI.TestCase.TC005_Delete_Employee_Record">
    <ignored/>
  </testcase> <!-- checkStatusCode -->
  <testcase name="checkstatusLine" time="0.0" classname="com.qa.EmployeeAPI.TestCase.TC001_Get_All_Employees">
    <ignored/>
  </testcase> <!-- checkstatusLine -->
  <testcase name="checkcontentEncoding" time="0.0" classname="com.qa.EmployeeAPI.TestCase.TC001_Get_All_Employees">
    <ignored/>
  </testcase> <!-- checkcontentEncoding -->
  <testcase name="checkstatusLine" time="0.0" classname="com.qa.EmployeeAPI.TestCase.TC002_Get_Single_Employee_Record">
    <ignored/>
  </testcase> <!-- checkstatusLine -->
  <testcase name="checkStatusCode" time="0.0" classname="com.qa.EmployeeAPI.TestCase.TC004_Put_Employee_Record">
    <ignored/>
  </testcase> <!-- checkStatusCode -->
  <testcase name="checkCookies" time="0.0" classname="com.qa.EmployeeAPI.TestCase.TC001_Get_All_Employees">
    <ignored/>
  </testcase> <!-- checkCookies -->
  <testcase name="checkStatusCode" time="0.0" classname="com.qa.EmployeeAPI.TestCase.TC001_Get_All_Employees">
    <ignored/>
  </testcase> <!-- checkStatusCode -->
  <testcase name="checkResposeBody" time="0.0" classname="com.qa.EmployeeAPI.TestCase.TC001_Get_All_Employees">
    <ignored/>
  </testcase> <!-- checkResposeBody -->
  <testcase name="checkResponseTime" time="0.0" classname="com.qa.EmployeeAPI.TestCase.TC002_Get_Single_Employee_Record">
    <ignored/>
  </testcase> <!-- checkResponseTime -->
  <testcase name="checkStatusCode" time="0.0" classname="com.qa.EmployeeAPI.TestCase.TC003_Post_Employee_Record">
    <ignored/>
  </testcase> <!-- checkStatusCode -->
  <testcase name="checkstatusLine" time="0.0" classname="com.qa.EmployeeAPI.TestCase.TC004_Put_Employee_Record">
    <ignored/>
  </testcase> <!-- checkstatusLine -->
  <testcase name="checkContentLenght" time="0.0" classname="com.qa.EmployeeAPI.TestCase.TC001_Get_All_Employees">
    <ignored/>
  </testcase> <!-- checkContentLenght -->
  <testcase name="checkContentLenght" time="0.0" classname="com.qa.EmployeeAPI.TestCase.TC002_Get_Single_Employee_Record">
    <ignored/>
  </testcase> <!-- checkContentLenght -->
  <testcase name="checkStatusCode" time="0.0" classname="com.qa.EmployeeAPI.TestCase.TC002_Get_Single_Employee_Record">
    <ignored/>
  </testcase> <!-- checkStatusCode -->
  <testcase name="checkstatusLine" time="0.0" classname="com.qa.EmployeeAPI.TestCase.TC005_Delete_Employee_Record">
    <ignored/>
  </testcase> <!-- checkstatusLine -->
</testsuite> <!-- RestAPITest(failed) -->
